Copyright 1986-2014 Xilinx, Inc. All Rights Reserved.
---------------------------------------------------------------------------------------------------
| Tool Version     : Vivado v.2014.2 (win64) Build 932637 Wed Jun 11 13:33:10 MDT 2014
| Date             : Tue Apr 11 23:51:17 2017
| Host             : admin-PC running 64-bit Service Pack 1  (build 7601)
| Command          : report_power -file tb_power_routed.rpt -pb tb_power_summary_routed.pb
| Design           : tb
| Device           : xc7a35tcpg236-1
| Design State     : Routed
| Grade            : commercial
| Process          : typical
| Characterization : Production
---------------------------------------------------------------------------------------------------

Power Report

Table of Contents
-----------------
1. Summary
1.1 On-Chip Components
1.2 Power Supply Summary
1.3 Confidence Level
2. Settings
2.1 Environment
2.2 Clock Constraints
3. Detailed Reports
3.1 By Hierarchy

1. Summary
----------

+--------------------------+-------+
| Total On-Chip Power (W)  | 0.102 |
| Dynamic (W)              | 0.030 |
| Device Static (W)        | 0.072 |
| Total Off-Chip Power (W) | 0.000 |
| Effective TJA (C/W)      | 5.0   |
| Max Ambient (C)          | 84.5  |
| Junction Temperature (C) | 25.5  |
| Confidence Level         | Low   |
| Setting File             | ---   |
| Simulation Activity File | ---   |
| Design Nets Matched      | NA    |
+--------------------------+-------+


1.1 On-Chip Components
----------------------

+----------------+-----------+----------+-----------+-----------------+
| On-Chip        | Power (W) | Used     | Available | Utilization (%) |
+----------------+-----------+----------+-----------+-----------------+
| Clocks         |     0.001 |        1 |       --- |             --- |
| Slice Logic    |     0.009 |     3478 |       --- |             --- |
|   LUT as Logic |     0.009 |     1711 |     20800 |            8.22 |
|   CARRY4       |    <0.001 |       62 |      8150 |            0.76 |
|   F7/F8 Muxes  |    <0.001 |      275 |     32600 |            0.84 |
|   Register     |    <0.001 |     1196 |     41600 |            2.87 |
|   BUFG         |    <0.001 |       12 |        32 |           37.50 |
|   Others       |     0.000 |       25 |       --- |             --- |
| Signals        |     0.015 |     3049 |       --- |             --- |
| Block RAM      |     0.002 |        4 |        50 |            8.00 |
| DSPs           |     0.003 |        3 |        90 |            3.33 |
| I/O            |    <0.001 |       68 |       106 |           64.15 |
| Static Power   |     0.072 |          |           |                 |
| Total          |     0.102 |          |           |                 |
+----------------+-----------+----------+-----------+-----------------+


1.2 Power Supply Summary
------------------------

+-----------+-------------+-----------+-------------+------------+
| Source    | Voltage (V) | Total (A) | Dynamic (A) | Static (A) |
+-----------+-------------+-----------+-------------+------------+
| Vccint    |       1.000 |     0.040 |       0.030 |      0.010 |
| Vccaux    |       1.800 |     0.013 |       0.000 |      0.013 |
| Vcco33    |       3.300 |     0.001 |       0.000 |      0.001 |
| Vcco25    |       2.500 |     0.000 |       0.000 |      0.000 |
| Vcco18    |       1.800 |     0.000 |       0.000 |      0.000 |
| Vcco15    |       1.500 |     0.000 |       0.000 |      0.000 |
| Vcco135   |       1.350 |     0.000 |       0.000 |      0.000 |
| Vcco12    |       1.200 |     0.000 |       0.000 |      0.000 |
| Vccaux_io |       0.000 |     0.000 |       0.000 |      0.000 |
| Vccbram   |       1.000 |     0.000 |       0.000 |      0.000 |
| MGTAVcc   |       1.000 |     0.000 |       0.000 |      0.000 |
| MGTAVtt   |       1.200 |     0.000 |       0.000 |      0.000 |
| Vccadc    |       1.800 |     0.020 |       0.000 |      0.020 |
+-----------+-------------+-----------+-------------+------------+


1.3 Confidence Level
--------------------

+-----------------------------+------------+--------------------------------------------------------+--------------------------------------------------------------------------------------------------------------------+
| User Input Data             | Confidence | Details                                                | Action                                                                                                             |
+-----------------------------+------------+--------------------------------------------------------+--------------------------------------------------------------------------------------------------------------------+
| Design implementation state | High       | Design is routed                                       |                                                                                                                    |
| Clock nodes activity        | Low        | User specified less than 75% of clocks                 | Provide missing clock activity with a constraint file, simulation results or by editing the "By Clock Domain" view |
| I/O nodes activity          | Low        | More than 75% of inputs are missing user specification | Provide missing input activity with simulation results or by editing the "By Resource Type -> I/Os" view           |
| Internal nodes activity     | Medium     | User specified less than 25% of internal nodes         | Provide missing internal nodes activity with simulation results or by editing the "By Resource Type" views         |
| Device models               | High       | Device models are Production                           |                                                                                                                    |
|                             |            |                                                        |                                                                                                                    |
| Overall confidence level    | Low        |                                                        |                                                                                                                    |
+-----------------------------+------------+--------------------------------------------------------+--------------------------------------------------------------------------------------------------------------------+


2. Settings
-----------

2.1 Environment
---------------

+-----------------------+--------------------------+
| Ambient Temp (C)      | 25.0                     |
| ThetaJA (C/W)         | 5.0                      |
| Airflow (LFM)         | 250                      |
| Heat Sink             | medium (Medium Profile)  |
| ThetaSA (C/W)         | 4.6                      |
| Board Selection       | medium (10"x10")         |
| # of Board Layers     | 12to15 (12 to 15 Layers) |
| Board Temperature (C) | 25.0                     |
+-----------------------+--------------------------+


2.2 Clock Constraints
---------------------

+-------------+--------+-----------------+
| Clock       | Domain | Constraint (ns) |
+-------------+--------+-----------------+
| sys_clk_pin | CLK    |            10.0 |
+-------------+--------+-----------------+


3. Detailed Reports
-------------------

3.1 By Hierarchy
----------------

+-----------------------------------------+-----------+
| Name                                    | Power (W) |
+-----------------------------------------+-----------+
| tb                                      |     0.030 |
|   cpu_inst                              |     0.023 |
|     Actor                               |     0.019 |
|       RF                                |     0.006 |
|     myALU                               |    <0.001 |
|     myDec                               |     0.002 |
|     myFSM                               |     0.002 |
|   mem_if                                |     0.004 |
|     bram_0                              |     0.002 |
|       U0                                |     0.002 |
|         inst_blk_mem_gen                |     0.002 |
|           gnativebmg.native_blk_mem_gen |     0.002 |
|             valid.cstr                  |     0.002 |
|               has_mux_a.A               |    <0.001 |
|               has_mux_b.B               |    <0.001 |
|               ramloop[0].ram.r          |     0.002 |
|                 prim_init.ram           |     0.002 |
|               ramloop[1].ram.r          |    <0.001 |
|                 prim_init.ram           |    <0.001 |
|               ramloop[2].ram.r          |    <0.001 |
|                 prim_init.ram           |    <0.001 |
|               ramloop[3].ram.r          |    <0.001 |
|                 prim_init.ram           |    <0.001 |
|     uart_inst                           |    <0.001 |
+-----------------------------------------+-----------+


